<html>
<head>
<title>TestNG:  Calculator Tests</title>
<link href="../testng.css" rel="stylesheet" type="text/css" />
<link href="../my-testng.css" rel="stylesheet" type="text/css" />

<style type="text/css">
.log { display: none;} 
.stack-trace { display: none;} 
</style>
<script type="text/javascript">
<!--
function flip(e) {
  current = e.style.display;
  if (current == 'block') {
    e.style.display = 'none';
    return 0;
  }
  else {
    e.style.display = 'block';
    return 1;
  }
}

function toggleBox(szDivId, elem, msg1, msg2)
{
  var res = -1;  if (document.getElementById) {
    res = flip(document.getElementById(szDivId));
  }
  else if (document.all) {
    // this is the way old msie versions work
    res = flip(document.all[szDivId]);
  }
  if(elem) {
    if(res == 0) elem.innerHTML = msg1; else elem.innerHTML = msg2;
  }

}

function toggleAllBoxes() {
  if (document.getElementsByTagName) {
    d = document.getElementsByTagName('div');
    for (i = 0; i < d.length; i++) {
      if (d[i].className == 'log') {
        flip(d[i]);
      }
    }
  }
}

// -->
</script>

</head>
<body>
<h2 align='center'>Calculator Tests</h2><table border='1' align="center">
<tr>
<td>Tests passed/Failed/Skipped:</td><td>5/1/0</td>
</tr><tr>
<td>Started on:</td><td>Sun Oct 29 01:36:24 CEST 2017</td>
</tr>
<tr><td>Total time:</td><td>141 seconds (141340 ms)</td>
</tr><tr>
<td>Included groups:</td><td></td>
</tr><tr>
<td>Excluded groups:</td><td></td>
</tr>
</table><p/>
<small><i>(Hover the method name to see the test class name)</i></small><p/>
<table width='100%' border='1' class='invocation-failed'>
<tr><td colspan='4' align='center'><b>FAILED TESTS</b></td></tr>
<tr><td><b>Test method</b></td>
<td width="30%"><b>Exception</b></td>
<td width="10%"><b>Time (seconds)</b></td>
<td><b>Instance</b></td>
</tr>
<tr>
<td title='appium.wonkyCalculatorTests.tests.CalculatorPowerTests.verifyingThePowerOfTwo()'><b>verifyingThePowerOfTwo</b><br>Test class: appium.wonkyCalculatorTests.tests.CalculatorPowerTests</td>
<td><div><pre>java.lang.AssertionError: expected [Result: 12] but found [Result: 9]
	at appium.wonkyCalculatorTests.tests.CalculatorPowerTests.verifyingThePowerOfTwo(CalculatorPowerTests.java:27)
... Removed 34 stack frames</pre></div><a href='#' onClick='toggleBox("stack-trace735937428", this, "Click to show all stack frames", "Click to hide stack frames")'>Click to show all stack frames</a>
<div class='stack-trace' id='stack-trace735937428'><pre>java.lang.AssertionError: expected [Result: 12] but found [Result: 9]
	at org.testng.Assert.fail(Assert.java:93)
	at org.testng.Assert.failNotEquals(Assert.java:512)
	at org.testng.Assert.assertEqualsImpl(Assert.java:134)
	at org.testng.Assert.assertEquals(Assert.java:115)
	at org.testng.Assert.assertEquals(Assert.java:189)
	at org.testng.Assert.assertEquals(Assert.java:199)
	at appium.wonkyCalculatorTests.tests.CalculatorPowerTests.verifyingThePowerOfTwo(CalculatorPowerTests.java:27)
	at sun.reflect.NativeMethodAccessorImpl.invoke0(Native Method)
	at sun.reflect.NativeMethodAccessorImpl.invoke(NativeMethodAccessorImpl.java:62)
	at sun.reflect.DelegatingMethodAccessorImpl.invoke(DelegatingMethodAccessorImpl.java:43)
	at java.lang.reflect.Method.invoke(Method.java:498)
	at org.testng.internal.MethodInvocationHelper.invokeMethod(MethodInvocationHelper.java:108)
	at org.testng.internal.Invoker.invokeMethod(Invoker.java:661)
	at org.testng.internal.Invoker.invokeTestMethod(Invoker.java:869)
	at org.testng.internal.Invoker.invokeTestMethods(Invoker.java:1193)
	at org.testng.internal.TestMethodWorker.invokeTestMethods(TestMethodWorker.java:126)
	at org.testng.internal.TestMethodWorker.run(TestMethodWorker.java:109)
	at org.testng.TestRunner.privateRun(TestRunner.java:744)
	at org.testng.TestRunner.run(TestRunner.java:602)
	at org.testng.SuiteRunner.runTest(SuiteRunner.java:380)
	at org.testng.SuiteRunner.runSequentially(SuiteRunner.java:375)
	at org.testng.SuiteRunner.privateRun(SuiteRunner.java:340)
	at org.testng.SuiteRunner.run(SuiteRunner.java:289)
	at org.testng.SuiteRunnerWorker.runSuite(SuiteRunnerWorker.java:52)
	at org.testng.SuiteRunnerWorker.run(SuiteRunnerWorker.java:86)
	at org.testng.TestNG.runSuitesSequentially(TestNG.java:1301)
	at org.testng.TestNG.runSuitesLocally(TestNG.java:1226)
	at org.testng.TestNG.runSuites(TestNG.java:1144)
	at org.testng.TestNG.run(TestNG.java:1115)
	at org.apache.maven.surefire.testng.TestNGExecutor.run(TestNGExecutor.java:295)
	at org.apache.maven.surefire.testng.TestNGXmlTestSuite.execute(TestNGXmlTestSuite.java:84)
	at org.apache.maven.surefire.testng.TestNGProvider.invoke(TestNGProvider.java:90)
	at org.apache.maven.surefire.booter.ForkedBooter.invokeProviderInSameClassLoader(ForkedBooter.java:203)
	at org.apache.maven.surefire.booter.ForkedBooter.runSuitesInProcess(ForkedBooter.java:155)
	at org.apache.maven.surefire.booter.ForkedBooter.main(ForkedBooter.java:103)
</pre></div></td>
<td>21</td>
<td>appium.wonkyCalculatorTests.tests.CalculatorPowerTests@458ad742</td></tr>
</table><p>
<table width='100%' border='1' class='invocation-passed'>
<tr><td colspan='4' align='center'><b>PASSED TESTS</b></td></tr>
<tr><td><b>Test method</b></td>
<td width="30%"><b>Exception</b></td>
<td width="10%"><b>Time (seconds)</b></td>
<td><b>Instance</b></td>
</tr>
<tr>
<td title='appium.wonkyCalculatorTests.tests.CalculatorDivisionTests.verifyingTheDivision()'><b>verifyingTheDivision</b><br>Test class: appium.wonkyCalculatorTests.tests.CalculatorDivisionTests</td>
<td></td>
<td>24</td>
<td>appium.wonkyCalculatorTests.tests.CalculatorDivisionTests@5056dfcb</td></tr>
<tr>
<td title='appium.wonkyCalculatorTests.tests.CalculatorMultiplicationTests.verifyingTheMultiplication()'><b>verifyingTheMultiplication</b><br>Test class: appium.wonkyCalculatorTests.tests.CalculatorMultiplicationTests</td>
<td></td>
<td>23</td>
<td>appium.wonkyCalculatorTests.tests.CalculatorMultiplicationTests@2344fc66</td></tr>
<tr>
<td title='appium.wonkyCalculatorTests.tests.CalculatorSquareRootTests.verifyingTheSquareRoot()'><b>verifyingTheSquareRoot</b><br>Test class: appium.wonkyCalculatorTests.tests.CalculatorSquareRootTests</td>
<td></td>
<td>22</td>
<td>appium.wonkyCalculatorTests.tests.CalculatorSquareRootTests@5afa04c</td></tr>
<tr>
<td title='appium.wonkyCalculatorTests.tests.CalculatorSubstractionTests.verifyingTheSubstraction()'><b>verifyingTheSubstraction</b><br>Test class: appium.wonkyCalculatorTests.tests.CalculatorSubstractionTests</td>
<td></td>
<td>23</td>
<td>appium.wonkyCalculatorTests.tests.CalculatorSubstractionTests@6ea12c19</td></tr>
<tr>
<td title='appium.wonkyCalculatorTests.tests.CalculatorSumTests.verifyingTheSum()'><b>verifyingTheSum</b><br>Test class: appium.wonkyCalculatorTests.tests.CalculatorSumTests</td>
<td></td>
<td>27</td>
<td>appium.wonkyCalculatorTests.tests.CalculatorSumTests@6a024a67</td></tr>
</table><p>
</body>
</html>