<?xml version="1.0" encoding="UTF-8"?>
<testng-results skipped="0" failed="1" ignored="0" total="6" passed="5">
  <reporter-output>
  </reporter-output>
  <suite name="Calculator Test Suite" duration-ms="141340" started-at="2017-10-28T23:36:24Z" finished-at="2017-10-28T23:38:45Z">
    <groups>
    </groups>
    <test name="Calculator Tests" duration-ms="141340" started-at="2017-10-28T23:36:24Z" finished-at="2017-10-28T23:38:45Z">
      <class name="appium.wonkyCalculatorTests.tests.CalculatorSumTests">
        <test-method status="PASS" signature="verifyingTheSum()[pri:0, instance:appium.wonkyCalculatorTests.tests.CalculatorSumTests@6a024a67]" name="verifyingTheSum" duration-ms="27779" started-at="2017-10-29T01:38:17Z" finished-at="2017-10-29T01:38:45Z">
          <reporter-output>
          </reporter-output>
        </test-method> <!-- verifyingTheSum -->
      </class> <!-- appium.wonkyCalculatorTests.tests.CalculatorSumTests -->
      <class name="appium.wonkyCalculatorTests.tests.CalculatorSquareRootTests">
        <test-method status="PASS" signature="verifyingTheSquareRoot()[pri:0, instance:appium.wonkyCalculatorTests.tests.CalculatorSquareRootTests@5afa04c]" name="verifyingTheSquareRoot" duration-ms="22009" started-at="2017-10-29T01:37:32Z" finished-at="2017-10-29T01:37:54Z">
          <reporter-output>
          </reporter-output>
        </test-method> <!-- verifyingTheSquareRoot -->
      </class> <!-- appium.wonkyCalculatorTests.tests.CalculatorSquareRootTests -->
      <class name="appium.wonkyCalculatorTests.tests.CalculatorMultiplicationTests">
        <test-method status="PASS" signature="verifyingTheMultiplication()[pri:0, instance:appium.wonkyCalculatorTests.tests.CalculatorMultiplicationTests@2344fc66]" name="verifyingTheMultiplication" duration-ms="23368" started-at="2017-10-29T01:36:48Z" finished-at="2017-10-29T01:37:11Z">
          <reporter-output>
          </reporter-output>
        </test-method> <!-- verifyingTheMultiplication -->
      </class> <!-- appium.wonkyCalculatorTests.tests.CalculatorMultiplicationTests -->
      <class name="appium.wonkyCalculatorTests.tests.CalculatorPowerTests">
        <test-method status="FAIL" signature="verifyingThePowerOfTwo()[pri:0, instance:appium.wonkyCalculatorTests.tests.CalculatorPowerTests@458ad742]" name="verifyingThePowerOfTwo" duration-ms="21028" started-at="2017-10-29T01:37:11Z" finished-at="2017-10-29T01:37:32Z">
          <exception class="java.lang.AssertionError">
            <message>
              <![CDATA[expected [Result: 12] but found [Result: 9]]]>
            </message>
            <full-stacktrace>
              <![CDATA[java.lang.AssertionError: expected [Result: 12] but found [Result: 9]
	at org.testng.Assert.fail(Assert.java:93)
	at org.testng.Assert.failNotEquals(Assert.java:512)
	at org.testng.Assert.assertEqualsImpl(Assert.java:134)
	at org.testng.Assert.assertEquals(Assert.java:115)
	at org.testng.Assert.assertEquals(Assert.java:189)
	at org.testng.Assert.assertEquals(Assert.java:199)
	at appium.wonkyCalculatorTests.tests.CalculatorPowerTests.verifyingThePowerOfTwo(CalculatorPowerTests.java:27)
	at sun.reflect.NativeMethodAccessorImpl.invoke0(Native Method)
	at sun.reflect.NativeMethodAccessorImpl.invoke(NativeMethodAccessorImpl.java:62)
	at sun.reflect.DelegatingMethodAccessorImpl.invoke(DelegatingMethodAccessorImpl.java:43)
	at java.lang.reflect.Method.invoke(Method.java:498)
	at org.testng.internal.MethodInvocationHelper.invokeMethod(MethodInvocationHelper.java:108)
	at org.testng.internal.Invoker.invokeMethod(Invoker.java:661)
	at org.testng.internal.Invoker.invokeTestMethod(Invoker.java:869)
	at org.testng.internal.Invoker.invokeTestMethods(Invoker.java:1193)
	at org.testng.internal.TestMethodWorker.invokeTestMethods(TestMethodWorker.java:126)
	at org.testng.internal.TestMethodWorker.run(TestMethodWorker.java:109)
	at org.testng.TestRunner.privateRun(TestRunner.java:744)
	at org.testng.TestRunner.run(TestRunner.java:602)
	at org.testng.SuiteRunner.runTest(SuiteRunner.java:380)
	at org.testng.SuiteRunner.runSequentially(SuiteRunner.java:375)
	at org.testng.SuiteRunner.privateRun(SuiteRunner.java:340)
	at org.testng.SuiteRunner.run(SuiteRunner.java:289)
	at org.testng.SuiteRunnerWorker.runSuite(SuiteRunnerWorker.java:52)
	at org.testng.SuiteRunnerWorker.run(SuiteRunnerWorker.java:86)
	at org.testng.TestNG.runSuitesSequentially(TestNG.java:1301)
	at org.testng.TestNG.runSuitesLocally(TestNG.java:1226)
	at org.testng.TestNG.runSuites(TestNG.java:1144)
	at org.testng.TestNG.run(TestNG.java:1115)
	at org.apache.maven.surefire.testng.TestNGExecutor.run(TestNGExecutor.java:295)
	at org.apache.maven.surefire.testng.TestNGXmlTestSuite.execute(TestNGXmlTestSuite.java:84)
	at org.apache.maven.surefire.testng.TestNGProvider.invoke(TestNGProvider.java:90)
	at org.apache.maven.surefire.booter.ForkedBooter.invokeProviderInSameClassLoader(ForkedBooter.java:203)
	at org.apache.maven.surefire.booter.ForkedBooter.runSuitesInProcess(ForkedBooter.java:155)
	at org.apache.maven.surefire.booter.ForkedBooter.main(ForkedBooter.java:103)
]]>
            </full-stacktrace>
          </exception> <!-- java.lang.AssertionError -->
          <reporter-output>
          </reporter-output>
        </test-method> <!-- verifyingThePowerOfTwo -->
      </class> <!-- appium.wonkyCalculatorTests.tests.CalculatorPowerTests -->
      <class name="appium.wonkyCalculatorTests.tests.CalculatorDivisionTests">
        <test-method status="PASS" signature="verifyingTheDivision()[pri:0, instance:appium.wonkyCalculatorTests.tests.CalculatorDivisionTests@5056dfcb]" name="verifyingTheDivision" duration-ms="24020" started-at="2017-10-29T01:36:24Z" finished-at="2017-10-29T01:36:48Z">
          <reporter-output>
          </reporter-output>
        </test-method> <!-- verifyingTheDivision -->
      </class> <!-- appium.wonkyCalculatorTests.tests.CalculatorDivisionTests -->
      <class name="appium.wonkyCalculatorTests.tests.CalculatorSubstractionTests">
        <test-method status="PASS" signature="verifyingTheSubstraction()[pri:0, instance:appium.wonkyCalculatorTests.tests.CalculatorSubstractionTests@6ea12c19]" name="verifyingTheSubstraction" duration-ms="23102" started-at="2017-10-29T01:37:54Z" finished-at="2017-10-29T01:38:17Z">
          <reporter-output>
          </reporter-output>
        </test-method> <!-- verifyingTheSubstraction -->
      </class> <!-- appium.wonkyCalculatorTests.tests.CalculatorSubstractionTests -->
    </test> <!-- Calculator Tests -->
  </suite> <!-- Calculator Test Suite -->
</testng-results>
